Performing C SOURCE FILE Test CMAKE_HAVE_LIBC_PTHREAD failed with the following output:
Change Dir: /home/masacaai/Code/CS-251/P5-MyMap/build/CMakeFiles/CMakeTmp

Run Build Command(s):/usr/bin/make -f Makefile cmTC_551c3/fast && /usr/bin/make  -f CMakeFiles/cmTC_551c3.dir/build.make CMakeFiles/cmTC_551c3.dir/build
make[1]: Entering directory '/home/masacaai/Code/CS-251/P5-MyMap/build/CMakeFiles/CMakeTmp'
Building C object CMakeFiles/cmTC_551c3.dir/src.c.o
/usr/bin/cc -DCMAKE_HAVE_LIBC_PTHREAD   -MD -MT CMakeFiles/cmTC_551c3.dir/src.c.o -MF CMakeFiles/cmTC_551c3.dir/src.c.o.d -o CMakeFiles/cmTC_551c3.dir/src.c.o -c /home/masacaai/Code/CS-251/P5-MyMap/build/CMakeFiles/CMakeTmp/src.c
Linking C executable cmTC_551c3
/nix/store/sgsvy949kd2sr2vsxcffz5jkv855rmib-cmake-3.22.2/bin/cmake -E cmake_link_script CMakeFiles/cmTC_551c3.dir/link.txt --verbose=1
/usr/bin/cc CMakeFiles/cmTC_551c3.dir/src.c.o -o cmTC_551c3 
/nix/store/sga0l55gm9nlwglk79lmihwb2bpv597j-binutils-2.35.2/bin/ld: CMakeFiles/cmTC_551c3.dir/src.c.o: in function `main':
src.c:(.text+0x25): undefined reference to `pthread_create'
/nix/store/sga0l55gm9nlwglk79lmihwb2bpv597j-binutils-2.35.2/bin/ld: src.c:(.text+0x31): undefined reference to `pthread_detach'
/nix/store/sga0l55gm9nlwglk79lmihwb2bpv597j-binutils-2.35.2/bin/ld: src.c:(.text+0x3d): undefined reference to `pthread_cancel'
/nix/store/sga0l55gm9nlwglk79lmihwb2bpv597j-binutils-2.35.2/bin/ld: src.c:(.text+0x4f): undefined reference to `pthread_join'
clang-8: error: linker command failed with exit code 1 (use -v to see invocation)
make[1]: *** [CMakeFiles/cmTC_551c3.dir/build.make:100: cmTC_551c3] Error 1
make[1]: Leaving directory '/home/masacaai/Code/CS-251/P5-MyMap/build/CMakeFiles/CMakeTmp'
make: *** [Makefile:127: cmTC_551c3/fast] Error 2


Source file was:
#include <pthread.h>

static void* test_func(void* data)
{
  return data;
}

int main(void)
{
  pthread_t thread;
  pthread_create(&thread, NULL, test_func, NULL);
  pthread_detach(thread);
  pthread_cancel(thread);
  pthread_join(thread, NULL);
  pthread_atfork(NULL, NULL, NULL);
  pthread_exit(NULL);

  return 0;
}

Determining if the function pthread_create exists in the pthreads failed with the following output:
Change Dir: /home/masacaai/Code/CS-251/P5-MyMap/build/CMakeFiles/CMakeTmp

Run Build Command(s):/usr/bin/make -f Makefile cmTC_94ac5/fast && /usr/bin/make  -f CMakeFiles/cmTC_94ac5.dir/build.make CMakeFiles/cmTC_94ac5.dir/build
make[1]: Entering directory '/home/masacaai/Code/CS-251/P5-MyMap/build/CMakeFiles/CMakeTmp'
Building C object CMakeFiles/cmTC_94ac5.dir/CheckFunctionExists.c.o
/usr/bin/cc   -DCHECK_FUNCTION_EXISTS=pthread_create -MD -MT CMakeFiles/cmTC_94ac5.dir/CheckFunctionExists.c.o -MF CMakeFiles/cmTC_94ac5.dir/CheckFunctionExists.c.o.d -o CMakeFiles/cmTC_94ac5.dir/CheckFunctionExists.c.o -c /nix/store/sgsvy949kd2sr2vsxcffz5jkv855rmib-cmake-3.22.2/share/cmake-3.22/Modules/CheckFunctionExists.c
Linking C executable cmTC_94ac5
/nix/store/sgsvy949kd2sr2vsxcffz5jkv855rmib-cmake-3.22.2/bin/cmake -E cmake_link_script CMakeFiles/cmTC_94ac5.dir/link.txt --verbose=1
/usr/bin/cc  -DCHECK_FUNCTION_EXISTS=pthread_create CMakeFiles/cmTC_94ac5.dir/CheckFunctionExists.c.o -o cmTC_94ac5  -lpthreads 
/nix/store/sga0l55gm9nlwglk79lmihwb2bpv597j-binutils-2.35.2/bin/ld: cannot find -lpthreads
clang-8: error: linker command failed with exit code 1 (use -v to see invocation)
make[1]: *** [CMakeFiles/cmTC_94ac5.dir/build.make:100: cmTC_94ac5] Error 1
make[1]: Leaving directory '/home/masacaai/Code/CS-251/P5-MyMap/build/CMakeFiles/CMakeTmp'
make: *** [Makefile:127: cmTC_94ac5/fast] Error 2



