The system is: Linux - 5.10.101 - x86_64
Compiling the C compiler identification source file "CMakeCCompilerId.c" succeeded.
Compiler: /usr/bin/cc 
Build flags: 
Id flags:  

The output was:
0


Compilation of the C compiler identification source "CMakeCCompilerId.c" produced "a.out"

The C compiler identification is Clang, found in "/home/masacaai/Code/CS-251/P4-Labyrinth_Escape/build/CMakeFiles/3.22.2/CompilerIdC/a.out"

Compiling the CXX compiler identification source file "CMakeCXXCompilerId.cpp" succeeded.
Compiler: /usr/bin/c++ 
Build flags: 
Id flags:  

The output was:
0


Compilation of the CXX compiler identification source "CMakeCXXCompilerId.cpp" produced "a.out"

The CXX compiler identification is Clang, found in "/home/masacaai/Code/CS-251/P4-Labyrinth_Escape/build/CMakeFiles/3.22.2/CompilerIdCXX/a.out"

Detecting C compiler ABI info compiled with the following output:
Change Dir: /home/masacaai/Code/CS-251/P4-Labyrinth_Escape/build/CMakeFiles/CMakeTmp

Run Build Command(s):/usr/bin/make -f Makefile cmTC_9342e/fast && /usr/bin/make  -f CMakeFiles/cmTC_9342e.dir/build.make CMakeFiles/cmTC_9342e.dir/build
make[1]: Entering directory '/home/masacaai/Code/CS-251/P4-Labyrinth_Escape/build/CMakeFiles/CMakeTmp'
Building C object CMakeFiles/cmTC_9342e.dir/CMakeCCompilerABI.c.o
/usr/bin/cc   -v -MD -MT CMakeFiles/cmTC_9342e.dir/CMakeCCompilerABI.c.o -MF CMakeFiles/cmTC_9342e.dir/CMakeCCompilerABI.c.o.d -o CMakeFiles/cmTC_9342e.dir/CMakeCCompilerABI.c.o -c /nix/store/sgsvy949kd2sr2vsxcffz5jkv855rmib-cmake-3.22.2/share/cmake-3.22/Modules/CMakeCCompilerABI.c
clang version 8.0.1 (tags/RELEASE_801/final)
Target: x86_64-unknown-linux-gnu
Thread model: posix
InstalledDir: /nix/store/6m8qkvvwc4v85hwgq0146d8llp7b82vw-clang-8.0.1/bin
Found candidate GCC installation: /nix/store/2dv93bbc06c7zg866qid73j3r36zz3jx-gcc-10.3.0/lib/gcc/x86_64-unknown-linux-gnu/10.3.0
Found candidate GCC installation: /nix/store/2dv93bbc06c7zg866qid73j3r36zz3jx-gcc-10.3.0/lib64/gcc/x86_64-unknown-linux-gnu/10.3.0
Selected GCC installation: /nix/store/2dv93bbc06c7zg866qid73j3r36zz3jx-gcc-10.3.0/lib64/gcc/x86_64-unknown-linux-gnu/10.3.0
Candidate multilib: .;@m64
Selected multilib: .;@m64
 "/nix/store/6m8qkvvwc4v85hwgq0146d8llp7b82vw-clang-8.0.1/bin/clang-8" -cc1 -triple x86_64-unknown-linux-gnu -emit-obj -mrelax-all -disable-free -disable-llvm-verifier -discard-value-names -main-file-name CMakeCCompilerABI.c -mrelocation-model static -mthread-model posix -mdisable-fp-elim -fmath-errno -masm-verbose -mconstructor-aliases -munwind-tables -fuse-init-array -target-cpu x86-64 -dwarf-column-info -debugger-tuning=gdb -v -coverage-notes-file /home/masacaai/Code/CS-251/P4-Labyrinth_Escape/build/CMakeFiles/CMakeTmp/CMakeFiles/cmTC_9342e.dir/CMakeCCompilerABI.c.gcno -nostdsysteminc -resource-dir /nix/store/8pplgcc3xv781bn6czfhfr29smd6d8iz-clang-wrapper-8.0.1/resource-root -dependency-file CMakeFiles/cmTC_9342e.dir/CMakeCCompilerABI.c.o.d -sys-header-deps -MT CMakeFiles/cmTC_9342e.dir/CMakeCCompilerABI.c.o -idirafter /nix/store/vccvfa5bjb9dv4x6zq5gjf1yp58y4brg-glibc-2.33-108-dev/include -idirafter /usr/include -internal-isystem /nix/store/8pplgcc3xv781bn6czfhfr29smd6d8iz-clang-wrapper-8.0.1/resource-root/include -fdebug-compilation-dir /home/masacaai/Code/CS-251/P4-Labyrinth_Escape/build/CMakeFiles/CMakeTmp -ferror-limit 19 -fmessage-length 0 -fobjc-runtime=gcc -fdiagnostics-show-option -o CMakeFiles/cmTC_9342e.dir/CMakeCCompilerABI.c.o -x c /nix/store/sgsvy949kd2sr2vsxcffz5jkv855rmib-cmake-3.22.2/share/cmake-3.22/Modules/CMakeCCompilerABI.c -faddrsig
clang -cc1 version 8.0.1 based upon LLVM 8.0.1 default target x86_64-unknown-linux-gnu
#include "..." search starts here:
#include <...> search starts here:
 /nix/store/8pplgcc3xv781bn6czfhfr29smd6d8iz-clang-wrapper-8.0.1/resource-root/include
 /nix/store/vccvfa5bjb9dv4x6zq5gjf1yp58y4brg-glibc-2.33-108-dev/include
 /usr/include
End of search list.
Linking C executable cmTC_9342e
/nix/store/sgsvy949kd2sr2vsxcffz5jkv855rmib-cmake-3.22.2/bin/cmake -E cmake_link_script CMakeFiles/cmTC_9342e.dir/link.txt --verbose=1
/usr/bin/cc  -v CMakeFiles/cmTC_9342e.dir/CMakeCCompilerABI.c.o -o cmTC_9342e 
clang version 8.0.1 (tags/RELEASE_801/final)
Target: x86_64-unknown-linux-gnu
Thread model: posix
InstalledDir: /nix/store/6m8qkvvwc4v85hwgq0146d8llp7b82vw-clang-8.0.1/bin
Found candidate GCC installation: /nix/store/2dv93bbc06c7zg866qid73j3r36zz3jx-gcc-10.3.0/lib/gcc/x86_64-unknown-linux-gnu/10.3.0
Found candidate GCC installation: /nix/store/2dv93bbc06c7zg866qid73j3r36zz3jx-gcc-10.3.0/lib64/gcc/x86_64-unknown-linux-gnu/10.3.0
Selected GCC installation: /nix/store/2dv93bbc06c7zg866qid73j3r36zz3jx-gcc-10.3.0/lib64/gcc/x86_64-unknown-linux-gnu/10.3.0
Candidate multilib: .;@m64
Selected multilib: .;@m64
 "/nix/store/8pplgcc3xv781bn6czfhfr29smd6d8iz-clang-wrapper-8.0.1/bin/ld" --eh-frame-hdr -m elf_x86_64 -o cmTC_9342e /nix/store/4s21k8k7p1mfik0b33r2spq5hq7774k1-glibc-2.33-108/lib/crt1.o /nix/store/4s21k8k7p1mfik0b33r2spq5hq7774k1-glibc-2.33-108/lib/crti.o /nix/store/2dv93bbc06c7zg866qid73j3r36zz3jx-gcc-10.3.0/lib/gcc/x86_64-unknown-linux-gnu/10.3.0/crtbegin.o -L/usr/lib -L/usr/lib32 -L/usr/lib -L/usr/lib32 -L/nix/store/4s21k8k7p1mfik0b33r2spq5hq7774k1-glibc-2.33-108/lib -L/nix/store/2dv93bbc06c7zg866qid73j3r36zz3jx-gcc-10.3.0/lib/gcc/x86_64-unknown-linux-gnu/10.3.0 -L/nix/store/ndnqiz3nnifj1blhg9q626xlmkqq1nmh-gcc-10.3.0-lib/x86_64-unknown-linux-gnu/lib -L/nix/store/gvxiscmqa9lh7a20ax44fdfsi8wgscsv-clang-8.0.1-lib/lib -L/nix/store/2dv93bbc06c7zg866qid73j3r36zz3jx-gcc-10.3.0/lib64/gcc/x86_64-unknown-linux-gnu/10.3.0 -L/nix/store/2dv93bbc06c7zg866qid73j3r36zz3jx-gcc-10.3.0/lib64/gcc/x86_64-unknown-linux-gnu/10.3.0/../../../../lib64 -L/lib/../lib64 -L/usr/lib/../lib64 -L/nix/store/2dv93bbc06c7zg866qid73j3r36zz3jx-gcc-10.3.0/lib64/gcc/x86_64-unknown-linux-gnu/10.3.0/../../.. -L/lib -L/usr/lib -dynamic-linker=/nix/store/4s21k8k7p1mfik0b33r2spq5hq7774k1-glibc-2.33-108/lib/ld-linux-x86-64.so.2 CMakeFiles/cmTC_9342e.dir/CMakeCCompilerABI.c.o -lgcc --as-needed -lgcc_s --no-as-needed -lc -lgcc --as-needed -lgcc_s --no-as-needed /nix/store/2dv93bbc06c7zg866qid73j3r36zz3jx-gcc-10.3.0/lib/gcc/x86_64-unknown-linux-gnu/10.3.0/crtend.o /nix/store/4s21k8k7p1mfik0b33r2spq5hq7774k1-glibc-2.33-108/lib/crtn.o
make[1]: Leaving directory '/home/masacaai/Code/CS-251/P4-Labyrinth_Escape/build/CMakeFiles/CMakeTmp'



Parsed C implicit include dir info from above output: rv=done
  found start of include info
  found start of implicit include info
    add: [/nix/store/8pplgcc3xv781bn6czfhfr29smd6d8iz-clang-wrapper-8.0.1/resource-root/include]
    add: [/nix/store/vccvfa5bjb9dv4x6zq5gjf1yp58y4brg-glibc-2.33-108-dev/include]
    add: [/usr/include]
  end of search list found
  collapse include dir [/nix/store/8pplgcc3xv781bn6czfhfr29smd6d8iz-clang-wrapper-8.0.1/resource-root/include] ==> [/nix/store/8pplgcc3xv781bn6czfhfr29smd6d8iz-clang-wrapper-8.0.1/resource-root/include]
  collapse include dir [/nix/store/vccvfa5bjb9dv4x6zq5gjf1yp58y4brg-glibc-2.33-108-dev/include] ==> [/nix/store/vccvfa5bjb9dv4x6zq5gjf1yp58y4brg-glibc-2.33-108-dev/include]
  collapse include dir [/usr/include] ==> [/usr/include]
  implicit include dirs: [/nix/store/8pplgcc3xv781bn6czfhfr29smd6d8iz-clang-wrapper-8.0.1/resource-root/include;/nix/store/vccvfa5bjb9dv4x6zq5gjf1yp58y4brg-glibc-2.33-108-dev/include;/usr/include]


Parsed C implicit link information from above output:
  link line regex: [^( *|.*[/\])(ld|CMAKE_LINK_STARTFILE-NOTFOUND|([^/\]+-)?ld|collect2)[^/\]*( |$)]
  ignore line: [Change Dir: /home/masacaai/Code/CS-251/P4-Labyrinth_Escape/build/CMakeFiles/CMakeTmp]
  ignore line: []
  ignore line: [Run Build Command(s):/usr/bin/make -f Makefile cmTC_9342e/fast && /usr/bin/make  -f CMakeFiles/cmTC_9342e.dir/build.make CMakeFiles/cmTC_9342e.dir/build]
  ignore line: [make[1]: Entering directory '/home/masacaai/Code/CS-251/P4-Labyrinth_Escape/build/CMakeFiles/CMakeTmp']
  ignore line: [Building C object CMakeFiles/cmTC_9342e.dir/CMakeCCompilerABI.c.o]
  ignore line: [/usr/bin/cc   -v -MD -MT CMakeFiles/cmTC_9342e.dir/CMakeCCompilerABI.c.o -MF CMakeFiles/cmTC_9342e.dir/CMakeCCompilerABI.c.o.d -o CMakeFiles/cmTC_9342e.dir/CMakeCCompilerABI.c.o -c /nix/store/sgsvy949kd2sr2vsxcffz5jkv855rmib-cmake-3.22.2/share/cmake-3.22/Modules/CMakeCCompilerABI.c]
  ignore line: [clang version 8.0.1 (tags/RELEASE_801/final)]
  ignore line: [Target: x86_64-unknown-linux-gnu]
  ignore line: [Thread model: posix]
  ignore line: [InstalledDir: /nix/store/6m8qkvvwc4v85hwgq0146d8llp7b82vw-clang-8.0.1/bin]
  ignore line: [Found candidate GCC installation: /nix/store/2dv93bbc06c7zg866qid73j3r36zz3jx-gcc-10.3.0/lib/gcc/x86_64-unknown-linux-gnu/10.3.0]
  ignore line: [Found candidate GCC installation: /nix/store/2dv93bbc06c7zg866qid73j3r36zz3jx-gcc-10.3.0/lib64/gcc/x86_64-unknown-linux-gnu/10.3.0]
  ignore line: [Selected GCC installation: /nix/store/2dv93bbc06c7zg866qid73j3r36zz3jx-gcc-10.3.0/lib64/gcc/x86_64-unknown-linux-gnu/10.3.0]
  ignore line: [Candidate multilib: .]
  ignore line: [@m64]
  ignore line: [Selected multilib: .]
  ignore line: [@m64]
  ignore line: [ "/nix/store/6m8qkvvwc4v85hwgq0146d8llp7b82vw-clang-8.0.1/bin/clang-8" -cc1 -triple x86_64-unknown-linux-gnu -emit-obj -mrelax-all -disable-free -disable-llvm-verifier -discard-value-names -main-file-name CMakeCCompilerABI.c -mrelocation-model static -mthread-model posix -mdisable-fp-elim -fmath-errno -masm-verbose -mconstructor-aliases -munwind-tables -fuse-init-array -target-cpu x86-64 -dwarf-column-info -debugger-tuning=gdb -v -coverage-notes-file /home/masacaai/Code/CS-251/P4-Labyrinth_Escape/build/CMakeFiles/CMakeTmp/CMakeFiles/cmTC_9342e.dir/CMakeCCompilerABI.c.gcno -nostdsysteminc -resource-dir /nix/store/8pplgcc3xv781bn6czfhfr29smd6d8iz-clang-wrapper-8.0.1/resource-root -dependency-file CMakeFiles/cmTC_9342e.dir/CMakeCCompilerABI.c.o.d -sys-header-deps -MT CMakeFiles/cmTC_9342e.dir/CMakeCCompilerABI.c.o -idirafter /nix/store/vccvfa5bjb9dv4x6zq5gjf1yp58y4brg-glibc-2.33-108-dev/include -idirafter /usr/include -internal-isystem /nix/store/8pplgcc3xv781bn6czfhfr29smd6d8iz-clang-wrapper-8.0.1/resource-root/include -fdebug-compilation-dir /home/masacaai/Code/CS-251/P4-Labyrinth_Escape/build/CMakeFiles/CMakeTmp -ferror-limit 19 -fmessage-length 0 -fobjc-runtime=gcc -fdiagnostics-show-option -o CMakeFiles/cmTC_9342e.dir/CMakeCCompilerABI.c.o -x c /nix/store/sgsvy949kd2sr2vsxcffz5jkv855rmib-cmake-3.22.2/share/cmake-3.22/Modules/CMakeCCompilerABI.c -faddrsig]
  ignore line: [clang -cc1 version 8.0.1 based upon LLVM 8.0.1 default target x86_64-unknown-linux-gnu]
  ignore line: [#include "..." search starts here:]
  ignore line: [#include <...> search starts here:]
  ignore line: [ /nix/store/8pplgcc3xv781bn6czfhfr29smd6d8iz-clang-wrapper-8.0.1/resource-root/include]
  ignore line: [ /nix/store/vccvfa5bjb9dv4x6zq5gjf1yp58y4brg-glibc-2.33-108-dev/include]
  ignore line: [ /usr/include]
  ignore line: [End of search list.]
  ignore line: [Linking C executable cmTC_9342e]
  ignore line: [/nix/store/sgsvy949kd2sr2vsxcffz5jkv855rmib-cmake-3.22.2/bin/cmake -E cmake_link_script CMakeFiles/cmTC_9342e.dir/link.txt --verbose=1]
  ignore line: [/usr/bin/cc  -v CMakeFiles/cmTC_9342e.dir/CMakeCCompilerABI.c.o -o cmTC_9342e ]
  ignore line: [clang version 8.0.1 (tags/RELEASE_801/final)]
  ignore line: [Target: x86_64-unknown-linux-gnu]
  ignore line: [Thread model: posix]
  ignore line: [InstalledDir: /nix/store/6m8qkvvwc4v85hwgq0146d8llp7b82vw-clang-8.0.1/bin]
  ignore line: [Found candidate GCC installation: /nix/store/2dv93bbc06c7zg866qid73j3r36zz3jx-gcc-10.3.0/lib/gcc/x86_64-unknown-linux-gnu/10.3.0]
  ignore line: [Found candidate GCC installation: /nix/store/2dv93bbc06c7zg866qid73j3r36zz3jx-gcc-10.3.0/lib64/gcc/x86_64-unknown-linux-gnu/10.3.0]
  ignore line: [Selected GCC installation: /nix/store/2dv93bbc06c7zg866qid73j3r36zz3jx-gcc-10.3.0/lib64/gcc/x86_64-unknown-linux-gnu/10.3.0]
  ignore line: [Candidate multilib: .]
  ignore line: [@m64]
  ignore line: [Selected multilib: .]
  ignore line: [@m64]
  link line: [ "/nix/store/8pplgcc3xv781bn6czfhfr29smd6d8iz-clang-wrapper-8.0.1/bin/ld" --eh-frame-hdr -m elf_x86_64 -o cmTC_9342e /nix/store/4s21k8k7p1mfik0b33r2spq5hq7774k1-glibc-2.33-108/lib/crt1.o /nix/store/4s21k8k7p1mfik0b33r2spq5hq7774k1-glibc-2.33-108/lib/crti.o /nix/store/2dv93bbc06c7zg866qid73j3r36zz3jx-gcc-10.3.0/lib/gcc/x86_64-unknown-linux-gnu/10.3.0/crtbegin.o -L/usr/lib -L/usr/lib32 -L/usr/lib -L/usr/lib32 -L/nix/store/4s21k8k7p1mfik0b33r2spq5hq7774k1-glibc-2.33-108/lib -L/nix/store/2dv93bbc06c7zg866qid73j3r36zz3jx-gcc-10.3.0/lib/gcc/x86_64-unknown-linux-gnu/10.3.0 -L/nix/store/ndnqiz3nnifj1blhg9q626xlmkqq1nmh-gcc-10.3.0-lib/x86_64-unknown-linux-gnu/lib -L/nix/store/gvxiscmqa9lh7a20ax44fdfsi8wgscsv-clang-8.0.1-lib/lib -L/nix/store/2dv93bbc06c7zg866qid73j3r36zz3jx-gcc-10.3.0/lib64/gcc/x86_64-unknown-linux-gnu/10.3.0 -L/nix/store/2dv93bbc06c7zg866qid73j3r36zz3jx-gcc-10.3.0/lib64/gcc/x86_64-unknown-linux-gnu/10.3.0/../../../../lib64 -L/lib/../lib64 -L/usr/lib/../lib64 -L/nix/store/2dv93bbc06c7zg866qid73j3r36zz3jx-gcc-10.3.0/lib64/gcc/x86_64-unknown-linux-gnu/10.3.0/../../.. -L/lib -L/usr/lib -dynamic-linker=/nix/store/4s21k8k7p1mfik0b33r2spq5hq7774k1-glibc-2.33-108/lib/ld-linux-x86-64.so.2 CMakeFiles/cmTC_9342e.dir/CMakeCCompilerABI.c.o -lgcc --as-needed -lgcc_s --no-as-needed -lc -lgcc --as-needed -lgcc_s --no-as-needed /nix/store/2dv93bbc06c7zg866qid73j3r36zz3jx-gcc-10.3.0/lib/gcc/x86_64-unknown-linux-gnu/10.3.0/crtend.o /nix/store/4s21k8k7p1mfik0b33r2spq5hq7774k1-glibc-2.33-108/lib/crtn.o]
    arg [/nix/store/8pplgcc3xv781bn6czfhfr29smd6d8iz-clang-wrapper-8.0.1/bin/ld] ==> ignore
    arg [--eh-frame-hdr] ==> ignore
    arg [-m] ==> ignore
    arg [elf_x86_64] ==> ignore
    arg [-o] ==> ignore
    arg [cmTC_9342e] ==> ignore
    arg [/nix/store/4s21k8k7p1mfik0b33r2spq5hq7774k1-glibc-2.33-108/lib/crt1.o] ==> obj [/nix/store/4s21k8k7p1mfik0b33r2spq5hq7774k1-glibc-2.33-108/lib/crt1.o]
    arg [/nix/store/4s21k8k7p1mfik0b33r2spq5hq7774k1-glibc-2.33-108/lib/crti.o] ==> obj [/nix/store/4s21k8k7p1mfik0b33r2spq5hq7774k1-glibc-2.33-108/lib/crti.o]
    arg [/nix/store/2dv93bbc06c7zg866qid73j3r36zz3jx-gcc-10.3.0/lib/gcc/x86_64-unknown-linux-gnu/10.3.0/crtbegin.o] ==> obj [/nix/store/2dv93bbc06c7zg866qid73j3r36zz3jx-gcc-10.3.0/lib/gcc/x86_64-unknown-linux-gnu/10.3.0/crtbegin.o]
    arg [-L/usr/lib] ==> dir [/usr/lib]
    arg [-L/usr/lib32] ==> dir [/usr/lib32]
    arg [-L/usr/lib] ==> dir [/usr/lib]
    arg [-L/usr/lib32] ==> dir [/usr/lib32]
    arg [-L/nix/store/4s21k8k7p1mfik0b33r2spq5hq7774k1-glibc-2.33-108/lib] ==> dir [/nix/store/4s21k8k7p1mfik0b33r2spq5hq7774k1-glibc-2.33-108/lib]
    arg [-L/nix/store/2dv93bbc06c7zg866qid73j3r36zz3jx-gcc-10.3.0/lib/gcc/x86_64-unknown-linux-gnu/10.3.0] ==> dir [/nix/store/2dv93bbc06c7zg866qid73j3r36zz3jx-gcc-10.3.0/lib/gcc/x86_64-unknown-linux-gnu/10.3.0]
    arg [-L/nix/store/ndnqiz3nnifj1blhg9q626xlmkqq1nmh-gcc-10.3.0-lib/x86_64-unknown-linux-gnu/lib] ==> dir [/nix/store/ndnqiz3nnifj1blhg9q626xlmkqq1nmh-gcc-10.3.0-lib/x86_64-unknown-linux-gnu/lib]
    arg [-L/nix/store/gvxiscmqa9lh7a20ax44fdfsi8wgscsv-clang-8.0.1-lib/lib] ==> dir [/nix/store/gvxiscmqa9lh7a20ax44fdfsi8wgscsv-clang-8.0.1-lib/lib]
    arg [-L/nix/store/2dv93bbc06c7zg866qid73j3r36zz3jx-gcc-10.3.0/lib64/gcc/x86_64-unknown-linux-gnu/10.3.0] ==> dir [/nix/store/2dv93bbc06c7zg866qid73j3r36zz3jx-gcc-10.3.0/lib64/gcc/x86_64-unknown-linux-gnu/10.3.0]
    arg [-L/nix/store/2dv93bbc06c7zg866qid73j3r36zz3jx-gcc-10.3.0/lib64/gcc/x86_64-unknown-linux-gnu/10.3.0/../../../../lib64] ==> dir [/nix/store/2dv93bbc06c7zg866qid73j3r36zz3jx-gcc-10.3.0/lib64/gcc/x86_64-unknown-linux-gnu/10.3.0/../../../../lib64]
    arg [-L/lib/../lib64] ==> dir [/lib/../lib64]
    arg [-L/usr/lib/../lib64] ==> dir [/usr/lib/../lib64]
    arg [-L/nix/store/2dv93bbc06c7zg866qid73j3r36zz3jx-gcc-10.3.0/lib64/gcc/x86_64-unknown-linux-gnu/10.3.0/../../..] ==> dir [/nix/store/2dv93bbc06c7zg866qid73j3r36zz3jx-gcc-10.3.0/lib64/gcc/x86_64-unknown-linux-gnu/10.3.0/../../..]
    arg [-L/lib] ==> dir [/lib]
    arg [-L/usr/lib] ==> dir [/usr/lib]
    arg [-dynamic-linker=/nix/store/4s21k8k7p1mfik0b33r2spq5hq7774k1-glibc-2.33-108/lib/ld-linux-x86-64.so.2] ==> ignore
    arg [CMakeFiles/cmTC_9342e.dir/CMakeCCompilerABI.c.o] ==> ignore
    arg [-lgcc] ==> lib [gcc]
    arg [--as-needed] ==> ignore
    arg [-lgcc_s] ==> lib [gcc_s]
    arg [--no-as-needed] ==> ignore
    arg [-lc] ==> lib [c]
    arg [-lgcc] ==> lib [gcc]
    arg [--as-needed] ==> ignore
    arg [-lgcc_s] ==> lib [gcc_s]
    arg [--no-as-needed] ==> ignore
    arg [/nix/store/2dv93bbc06c7zg866qid73j3r36zz3jx-gcc-10.3.0/lib/gcc/x86_64-unknown-linux-gnu/10.3.0/crtend.o] ==> obj [/nix/store/2dv93bbc06c7zg866qid73j3r36zz3jx-gcc-10.3.0/lib/gcc/x86_64-unknown-linux-gnu/10.3.0/crtend.o]
    arg [/nix/store/4s21k8k7p1mfik0b33r2spq5hq7774k1-glibc-2.33-108/lib/crtn.o] ==> obj [/nix/store/4s21k8k7p1mfik0b33r2spq5hq7774k1-glibc-2.33-108/lib/crtn.o]
  collapse library dir [/usr/lib] ==> [/usr/lib]
  collapse library dir [/usr/lib32] ==> [/usr/lib32]
  collapse library dir [/usr/lib] ==> [/usr/lib]
  collapse library dir [/usr/lib32] ==> [/usr/lib32]
  collapse library dir [/nix/store/4s21k8k7p1mfik0b33r2spq5hq7774k1-glibc-2.33-108/lib] ==> [/nix/store/4s21k8k7p1mfik0b33r2spq5hq7774k1-glibc-2.33-108/lib]
  collapse library dir [/nix/store/2dv93bbc06c7zg866qid73j3r36zz3jx-gcc-10.3.0/lib/gcc/x86_64-unknown-linux-gnu/10.3.0] ==> [/nix/store/2dv93bbc06c7zg866qid73j3r36zz3jx-gcc-10.3.0/lib/gcc/x86_64-unknown-linux-gnu/10.3.0]
  collapse library dir [/nix/store/ndnqiz3nnifj1blhg9q626xlmkqq1nmh-gcc-10.3.0-lib/x86_64-unknown-linux-gnu/lib] ==> [/nix/store/ndnqiz3nnifj1blhg9q626xlmkqq1nmh-gcc-10.3.0-lib/x86_64-unknown-linux-gnu/lib]
  collapse library dir [/nix/store/gvxiscmqa9lh7a20ax44fdfsi8wgscsv-clang-8.0.1-lib/lib] ==> [/nix/store/gvxiscmqa9lh7a20ax44fdfsi8wgscsv-clang-8.0.1-lib/lib]
  collapse library dir [/nix/store/2dv93bbc06c7zg866qid73j3r36zz3jx-gcc-10.3.0/lib64/gcc/x86_64-unknown-linux-gnu/10.3.0] ==> [/nix/store/2dv93bbc06c7zg866qid73j3r36zz3jx-gcc-10.3.0/lib64/gcc/x86_64-unknown-linux-gnu/10.3.0]
  collapse library dir [/nix/store/2dv93bbc06c7zg866qid73j3r36zz3jx-gcc-10.3.0/lib64/gcc/x86_64-unknown-linux-gnu/10.3.0/../../../../lib64] ==> [/nix/store/2dv93bbc06c7zg866qid73j3r36zz3jx-gcc-10.3.0/lib64]
  collapse library dir [/lib/../lib64] ==> [/lib64]
  collapse library dir [/usr/lib/../lib64] ==> [/usr/lib64]
  collapse library dir [/nix/store/2dv93bbc06c7zg866qid73j3r36zz3jx-gcc-10.3.0/lib64/gcc/x86_64-unknown-linux-gnu/10.3.0/../../..] ==> [/nix/store/2dv93bbc06c7zg866qid73j3r36zz3jx-gcc-10.3.0/lib64]
  collapse library dir [/lib] ==> [/lib]
  collapse library dir [/usr/lib] ==> [/usr/lib]
  implicit libs: [gcc;gcc_s;c;gcc;gcc_s]
  implicit objs: [/nix/store/4s21k8k7p1mfik0b33r2spq5hq7774k1-glibc-2.33-108/lib/crt1.o;/nix/store/4s21k8k7p1mfik0b33r2spq5hq7774k1-glibc-2.33-108/lib/crti.o;/nix/store/2dv93bbc06c7zg866qid73j3r36zz3jx-gcc-10.3.0/lib/gcc/x86_64-unknown-linux-gnu/10.3.0/crtbegin.o;/nix/store/2dv93bbc06c7zg866qid73j3r36zz3jx-gcc-10.3.0/lib/gcc/x86_64-unknown-linux-gnu/10.3.0/crtend.o;/nix/store/4s21k8k7p1mfik0b33r2spq5hq7774k1-glibc-2.33-108/lib/crtn.o]
  implicit dirs: [/usr/lib;/usr/lib32;/nix/store/4s21k8k7p1mfik0b33r2spq5hq7774k1-glibc-2.33-108/lib;/nix/store/2dv93bbc06c7zg866qid73j3r36zz3jx-gcc-10.3.0/lib/gcc/x86_64-unknown-linux-gnu/10.3.0;/nix/store/ndnqiz3nnifj1blhg9q626xlmkqq1nmh-gcc-10.3.0-lib/x86_64-unknown-linux-gnu/lib;/nix/store/gvxiscmqa9lh7a20ax44fdfsi8wgscsv-clang-8.0.1-lib/lib;/nix/store/2dv93bbc06c7zg866qid73j3r36zz3jx-gcc-10.3.0/lib64/gcc/x86_64-unknown-linux-gnu/10.3.0;/nix/store/2dv93bbc06c7zg866qid73j3r36zz3jx-gcc-10.3.0/lib64;/lib64;/usr/lib64;/lib]
  implicit fwks: []


Detecting CXX compiler ABI info compiled with the following output:
Change Dir: /home/masacaai/Code/CS-251/P4-Labyrinth_Escape/build/CMakeFiles/CMakeTmp

Run Build Command(s):/usr/bin/make -f Makefile cmTC_5ba25/fast && /usr/bin/make  -f CMakeFiles/cmTC_5ba25.dir/build.make CMakeFiles/cmTC_5ba25.dir/build
make[1]: Entering directory '/home/masacaai/Code/CS-251/P4-Labyrinth_Escape/build/CMakeFiles/CMakeTmp'
Building CXX object CMakeFiles/cmTC_5ba25.dir/CMakeCXXCompilerABI.cpp.o
/usr/bin/c++   -v -MD -MT CMakeFiles/cmTC_5ba25.dir/CMakeCXXCompilerABI.cpp.o -MF CMakeFiles/cmTC_5ba25.dir/CMakeCXXCompilerABI.cpp.o.d -o CMakeFiles/cmTC_5ba25.dir/CMakeCXXCompilerABI.cpp.o -c /nix/store/sgsvy949kd2sr2vsxcffz5jkv855rmib-cmake-3.22.2/share/cmake-3.22/Modules/CMakeCXXCompilerABI.cpp
clang version 8.0.1 (tags/RELEASE_801/final)
Target: x86_64-unknown-linux-gnu
Thread model: posix
InstalledDir: /nix/store/6m8qkvvwc4v85hwgq0146d8llp7b82vw-clang-8.0.1/bin
Found candidate GCC installation: /nix/store/2dv93bbc06c7zg866qid73j3r36zz3jx-gcc-10.3.0/lib/gcc/x86_64-unknown-linux-gnu/10.3.0
Found candidate GCC installation: /nix/store/2dv93bbc06c7zg866qid73j3r36zz3jx-gcc-10.3.0/lib64/gcc/x86_64-unknown-linux-gnu/10.3.0
Selected GCC installation: /nix/store/2dv93bbc06c7zg866qid73j3r36zz3jx-gcc-10.3.0/lib64/gcc/x86_64-unknown-linux-gnu/10.3.0
Candidate multilib: .;@m64
Selected multilib: .;@m64
 "/nix/store/6m8qkvvwc4v85hwgq0146d8llp7b82vw-clang-8.0.1/bin/clang-8" -cc1 -triple x86_64-unknown-linux-gnu -emit-obj -mrelax-all -disable-free -disable-llvm-verifier -discard-value-names -main-file-name CMakeCXXCompilerABI.cpp -mrelocation-model static -mthread-model posix -mdisable-fp-elim -fmath-errno -masm-verbose -mconstructor-aliases -munwind-tables -fuse-init-array -target-cpu x86-64 -dwarf-column-info -debugger-tuning=gdb -v -coverage-notes-file /home/masacaai/Code/CS-251/P4-Labyrinth_Escape/build/CMakeFiles/CMakeTmp/CMakeFiles/cmTC_5ba25.dir/CMakeCXXCompilerABI.cpp.gcno -nostdsysteminc -resource-dir /nix/store/8pplgcc3xv781bn6czfhfr29smd6d8iz-clang-wrapper-8.0.1/resource-root -dependency-file CMakeFiles/cmTC_5ba25.dir/CMakeCXXCompilerABI.cpp.o.d -sys-header-deps -MT CMakeFiles/cmTC_5ba25.dir/CMakeCXXCompilerABI.cpp.o -idirafter /nix/store/vccvfa5bjb9dv4x6zq5gjf1yp58y4brg-glibc-2.33-108-dev/include -idirafter /usr/include -isystem /nix/store/2dv93bbc06c7zg866qid73j3r36zz3jx-gcc-10.3.0/include/c++/10.3.0 -isystem /nix/store/2dv93bbc06c7zg866qid73j3r36zz3jx-gcc-10.3.0/include/c++/10.3.0/x86_64-unknown-linux-gnu -internal-isystem /nix/store/8pplgcc3xv781bn6czfhfr29smd6d8iz-clang-wrapper-8.0.1/resource-root/include -fdeprecated-macro -fdebug-compilation-dir /home/masacaai/Code/CS-251/P4-Labyrinth_Escape/build/CMakeFiles/CMakeTmp -ferror-limit 19 -fmessage-length 0 -fobjc-runtime=gcc -fcxx-exceptions -fexceptions -fdiagnostics-show-option -o CMakeFiles/cmTC_5ba25.dir/CMakeCXXCompilerABI.cpp.o -x c++ /nix/store/sgsvy949kd2sr2vsxcffz5jkv855rmib-cmake-3.22.2/share/cmake-3.22/Modules/CMakeCXXCompilerABI.cpp -faddrsig
clang -cc1 version 8.0.1 based upon LLVM 8.0.1 default target x86_64-unknown-linux-gnu
#include "..." search starts here:
#include <...> search starts here:
 /nix/store/2dv93bbc06c7zg866qid73j3r36zz3jx-gcc-10.3.0/include/c++/10.3.0
 /nix/store/2dv93bbc06c7zg866qid73j3r36zz3jx-gcc-10.3.0/include/c++/10.3.0/x86_64-unknown-linux-gnu
 /nix/store/8pplgcc3xv781bn6czfhfr29smd6d8iz-clang-wrapper-8.0.1/resource-root/include
 /nix/store/vccvfa5bjb9dv4x6zq5gjf1yp58y4brg-glibc-2.33-108-dev/include
 /usr/include
End of search list.
Linking CXX executable cmTC_5ba25
/nix/store/sgsvy949kd2sr2vsxcffz5jkv855rmib-cmake-3.22.2/bin/cmake -E cmake_link_script CMakeFiles/cmTC_5ba25.dir/link.txt --verbose=1
/usr/bin/c++  -v CMakeFiles/cmTC_5ba25.dir/CMakeCXXCompilerABI.cpp.o -o cmTC_5ba25 
clang version 8.0.1 (tags/RELEASE_801/final)
Target: x86_64-unknown-linux-gnu
Thread model: posix
InstalledDir: /nix/store/6m8qkvvwc4v85hwgq0146d8llp7b82vw-clang-8.0.1/bin
Found candidate GCC installation: /nix/store/2dv93bbc06c7zg866qid73j3r36zz3jx-gcc-10.3.0/lib/gcc/x86_64-unknown-linux-gnu/10.3.0
Found candidate GCC installation: /nix/store/2dv93bbc06c7zg866qid73j3r36zz3jx-gcc-10.3.0/lib64/gcc/x86_64-unknown-linux-gnu/10.3.0
Selected GCC installation: /nix/store/2dv93bbc06c7zg866qid73j3r36zz3jx-gcc-10.3.0/lib64/gcc/x86_64-unknown-linux-gnu/10.3.0
Candidate multilib: .;@m64
Selected multilib: .;@m64
 "/nix/store/8pplgcc3xv781bn6czfhfr29smd6d8iz-clang-wrapper-8.0.1/bin/ld" --eh-frame-hdr -m elf_x86_64 -o cmTC_5ba25 /nix/store/4s21k8k7p1mfik0b33r2spq5hq7774k1-glibc-2.33-108/lib/crt1.o /nix/store/4s21k8k7p1mfik0b33r2spq5hq7774k1-glibc-2.33-108/lib/crti.o /nix/store/2dv93bbc06c7zg866qid73j3r36zz3jx-gcc-10.3.0/lib/gcc/x86_64-unknown-linux-gnu/10.3.0/crtbegin.o -L/usr/lib -L/usr/lib32 -L/usr/lib -L/usr/lib32 -L/nix/store/4s21k8k7p1mfik0b33r2spq5hq7774k1-glibc-2.33-108/lib -L/nix/store/2dv93bbc06c7zg866qid73j3r36zz3jx-gcc-10.3.0/lib/gcc/x86_64-unknown-linux-gnu/10.3.0 -L/nix/store/ndnqiz3nnifj1blhg9q626xlmkqq1nmh-gcc-10.3.0-lib/x86_64-unknown-linux-gnu/lib -L/nix/store/gvxiscmqa9lh7a20ax44fdfsi8wgscsv-clang-8.0.1-lib/lib -L/nix/store/2dv93bbc06c7zg866qid73j3r36zz3jx-gcc-10.3.0/lib64/gcc/x86_64-unknown-linux-gnu/10.3.0 -L/nix/store/2dv93bbc06c7zg866qid73j3r36zz3jx-gcc-10.3.0/lib64/gcc/x86_64-unknown-linux-gnu/10.3.0/../../../../lib64 -L/lib/../lib64 -L/usr/lib/../lib64 -L/nix/store/2dv93bbc06c7zg866qid73j3r36zz3jx-gcc-10.3.0/lib64/gcc/x86_64-unknown-linux-gnu/10.3.0/../../.. -L/lib -L/usr/lib -dynamic-linker=/nix/store/4s21k8k7p1mfik0b33r2spq5hq7774k1-glibc-2.33-108/lib/ld-linux-x86-64.so.2 CMakeFiles/cmTC_5ba25.dir/CMakeCXXCompilerABI.cpp.o -lstdc++ -lm -lgcc_s -lgcc -lc -lgcc_s -lgcc /nix/store/2dv93bbc06c7zg866qid73j3r36zz3jx-gcc-10.3.0/lib/gcc/x86_64-unknown-linux-gnu/10.3.0/crtend.o /nix/store/4s21k8k7p1mfik0b33r2spq5hq7774k1-glibc-2.33-108/lib/crtn.o
make[1]: Leaving directory '/home/masacaai/Code/CS-251/P4-Labyrinth_Escape/build/CMakeFiles/CMakeTmp'



Parsed CXX implicit include dir info from above output: rv=done
  found start of include info
  found start of implicit include info
    add: [/nix/store/2dv93bbc06c7zg866qid73j3r36zz3jx-gcc-10.3.0/include/c++/10.3.0]
    add: [/nix/store/2dv93bbc06c7zg866qid73j3r36zz3jx-gcc-10.3.0/include/c++/10.3.0/x86_64-unknown-linux-gnu]
    add: [/nix/store/8pplgcc3xv781bn6czfhfr29smd6d8iz-clang-wrapper-8.0.1/resource-root/include]
    add: [/nix/store/vccvfa5bjb9dv4x6zq5gjf1yp58y4brg-glibc-2.33-108-dev/include]
    add: [/usr/include]
  end of search list found
  collapse include dir [/nix/store/2dv93bbc06c7zg866qid73j3r36zz3jx-gcc-10.3.0/include/c++/10.3.0] ==> [/nix/store/2dv93bbc06c7zg866qid73j3r36zz3jx-gcc-10.3.0/include/c++/10.3.0]
  collapse include dir [/nix/store/2dv93bbc06c7zg866qid73j3r36zz3jx-gcc-10.3.0/include/c++/10.3.0/x86_64-unknown-linux-gnu] ==> [/nix/store/2dv93bbc06c7zg866qid73j3r36zz3jx-gcc-10.3.0/include/c++/10.3.0/x86_64-unknown-linux-gnu]
  collapse include dir [/nix/store/8pplgcc3xv781bn6czfhfr29smd6d8iz-clang-wrapper-8.0.1/resource-root/include] ==> [/nix/store/8pplgcc3xv781bn6czfhfr29smd6d8iz-clang-wrapper-8.0.1/resource-root/include]
  collapse include dir [/nix/store/vccvfa5bjb9dv4x6zq5gjf1yp58y4brg-glibc-2.33-108-dev/include] ==> [/nix/store/vccvfa5bjb9dv4x6zq5gjf1yp58y4brg-glibc-2.33-108-dev/include]
  collapse include dir [/usr/include] ==> [/usr/include]
  implicit include dirs: [/nix/store/2dv93bbc06c7zg866qid73j3r36zz3jx-gcc-10.3.0/include/c++/10.3.0;/nix/store/2dv93bbc06c7zg866qid73j3r36zz3jx-gcc-10.3.0/include/c++/10.3.0/x86_64-unknown-linux-gnu;/nix/store/8pplgcc3xv781bn6czfhfr29smd6d8iz-clang-wrapper-8.0.1/resource-root/include;/nix/store/vccvfa5bjb9dv4x6zq5gjf1yp58y4brg-glibc-2.33-108-dev/include;/usr/include]


Parsed CXX implicit link information from above output:
  link line regex: [^( *|.*[/\])(ld|CMAKE_LINK_STARTFILE-NOTFOUND|([^/\]+-)?ld|collect2)[^/\]*( |$)]
  ignore line: [Change Dir: /home/masacaai/Code/CS-251/P4-Labyrinth_Escape/build/CMakeFiles/CMakeTmp]
  ignore line: []
  ignore line: [Run Build Command(s):/usr/bin/make -f Makefile cmTC_5ba25/fast && /usr/bin/make  -f CMakeFiles/cmTC_5ba25.dir/build.make CMakeFiles/cmTC_5ba25.dir/build]
  ignore line: [make[1]: Entering directory '/home/masacaai/Code/CS-251/P4-Labyrinth_Escape/build/CMakeFiles/CMakeTmp']
  ignore line: [Building CXX object CMakeFiles/cmTC_5ba25.dir/CMakeCXXCompilerABI.cpp.o]
  ignore line: [/usr/bin/c++   -v -MD -MT CMakeFiles/cmTC_5ba25.dir/CMakeCXXCompilerABI.cpp.o -MF CMakeFiles/cmTC_5ba25.dir/CMakeCXXCompilerABI.cpp.o.d -o CMakeFiles/cmTC_5ba25.dir/CMakeCXXCompilerABI.cpp.o -c /nix/store/sgsvy949kd2sr2vsxcffz5jkv855rmib-cmake-3.22.2/share/cmake-3.22/Modules/CMakeCXXCompilerABI.cpp]
  ignore line: [clang version 8.0.1 (tags/RELEASE_801/final)]
  ignore line: [Target: x86_64-unknown-linux-gnu]
  ignore line: [Thread model: posix]
  ignore line: [InstalledDir: /nix/store/6m8qkvvwc4v85hwgq0146d8llp7b82vw-clang-8.0.1/bin]
  ignore line: [Found candidate GCC installation: /nix/store/2dv93bbc06c7zg866qid73j3r36zz3jx-gcc-10.3.0/lib/gcc/x86_64-unknown-linux-gnu/10.3.0]
  ignore line: [Found candidate GCC installation: /nix/store/2dv93bbc06c7zg866qid73j3r36zz3jx-gcc-10.3.0/lib64/gcc/x86_64-unknown-linux-gnu/10.3.0]
  ignore line: [Selected GCC installation: /nix/store/2dv93bbc06c7zg866qid73j3r36zz3jx-gcc-10.3.0/lib64/gcc/x86_64-unknown-linux-gnu/10.3.0]
  ignore line: [Candidate multilib: .]
  ignore line: [@m64]
  ignore line: [Selected multilib: .]
  ignore line: [@m64]
  ignore line: [ "/nix/store/6m8qkvvwc4v85hwgq0146d8llp7b82vw-clang-8.0.1/bin/clang-8" -cc1 -triple x86_64-unknown-linux-gnu -emit-obj -mrelax-all -disable-free -disable-llvm-verifier -discard-value-names -main-file-name CMakeCXXCompilerABI.cpp -mrelocation-model static -mthread-model posix -mdisable-fp-elim -fmath-errno -masm-verbose -mconstructor-aliases -munwind-tables -fuse-init-array -target-cpu x86-64 -dwarf-column-info -debugger-tuning=gdb -v -coverage-notes-file /home/masacaai/Code/CS-251/P4-Labyrinth_Escape/build/CMakeFiles/CMakeTmp/CMakeFiles/cmTC_5ba25.dir/CMakeCXXCompilerABI.cpp.gcno -nostdsysteminc -resource-dir /nix/store/8pplgcc3xv781bn6czfhfr29smd6d8iz-clang-wrapper-8.0.1/resource-root -dependency-file CMakeFiles/cmTC_5ba25.dir/CMakeCXXCompilerABI.cpp.o.d -sys-header-deps -MT CMakeFiles/cmTC_5ba25.dir/CMakeCXXCompilerABI.cpp.o -idirafter /nix/store/vccvfa5bjb9dv4x6zq5gjf1yp58y4brg-glibc-2.33-108-dev/include -idirafter /usr/include -isystem /nix/store/2dv93bbc06c7zg866qid73j3r36zz3jx-gcc-10.3.0/include/c++/10.3.0 -isystem /nix/store/2dv93bbc06c7zg866qid73j3r36zz3jx-gcc-10.3.0/include/c++/10.3.0/x86_64-unknown-linux-gnu -internal-isystem /nix/store/8pplgcc3xv781bn6czfhfr29smd6d8iz-clang-wrapper-8.0.1/resource-root/include -fdeprecated-macro -fdebug-compilation-dir /home/masacaai/Code/CS-251/P4-Labyrinth_Escape/build/CMakeFiles/CMakeTmp -ferror-limit 19 -fmessage-length 0 -fobjc-runtime=gcc -fcxx-exceptions -fexceptions -fdiagnostics-show-option -o CMakeFiles/cmTC_5ba25.dir/CMakeCXXCompilerABI.cpp.o -x c++ /nix/store/sgsvy949kd2sr2vsxcffz5jkv855rmib-cmake-3.22.2/share/cmake-3.22/Modules/CMakeCXXCompilerABI.cpp -faddrsig]
  ignore line: [clang -cc1 version 8.0.1 based upon LLVM 8.0.1 default target x86_64-unknown-linux-gnu]
  ignore line: [#include "..." search starts here:]
  ignore line: [#include <...> search starts here:]
  ignore line: [ /nix/store/2dv93bbc06c7zg866qid73j3r36zz3jx-gcc-10.3.0/include/c++/10.3.0]
  ignore line: [ /nix/store/2dv93bbc06c7zg866qid73j3r36zz3jx-gcc-10.3.0/include/c++/10.3.0/x86_64-unknown-linux-gnu]
  ignore line: [ /nix/store/8pplgcc3xv781bn6czfhfr29smd6d8iz-clang-wrapper-8.0.1/resource-root/include]
  ignore line: [ /nix/store/vccvfa5bjb9dv4x6zq5gjf1yp58y4brg-glibc-2.33-108-dev/include]
  ignore line: [ /usr/include]
  ignore line: [End of search list.]
  ignore line: [Linking CXX executable cmTC_5ba25]
  ignore line: [/nix/store/sgsvy949kd2sr2vsxcffz5jkv855rmib-cmake-3.22.2/bin/cmake -E cmake_link_script CMakeFiles/cmTC_5ba25.dir/link.txt --verbose=1]
  ignore line: [/usr/bin/c++  -v CMakeFiles/cmTC_5ba25.dir/CMakeCXXCompilerABI.cpp.o -o cmTC_5ba25 ]
  ignore line: [clang version 8.0.1 (tags/RELEASE_801/final)]
  ignore line: [Target: x86_64-unknown-linux-gnu]
  ignore line: [Thread model: posix]
  ignore line: [InstalledDir: /nix/store/6m8qkvvwc4v85hwgq0146d8llp7b82vw-clang-8.0.1/bin]
  ignore line: [Found candidate GCC installation: /nix/store/2dv93bbc06c7zg866qid73j3r36zz3jx-gcc-10.3.0/lib/gcc/x86_64-unknown-linux-gnu/10.3.0]
  ignore line: [Found candidate GCC installation: /nix/store/2dv93bbc06c7zg866qid73j3r36zz3jx-gcc-10.3.0/lib64/gcc/x86_64-unknown-linux-gnu/10.3.0]
  ignore line: [Selected GCC installation: /nix/store/2dv93bbc06c7zg866qid73j3r36zz3jx-gcc-10.3.0/lib64/gcc/x86_64-unknown-linux-gnu/10.3.0]
  ignore line: [Candidate multilib: .]
  ignore line: [@m64]
  ignore line: [Selected multilib: .]
  ignore line: [@m64]
  link line: [ "/nix/store/8pplgcc3xv781bn6czfhfr29smd6d8iz-clang-wrapper-8.0.1/bin/ld" --eh-frame-hdr -m elf_x86_64 -o cmTC_5ba25 /nix/store/4s21k8k7p1mfik0b33r2spq5hq7774k1-glibc-2.33-108/lib/crt1.o /nix/store/4s21k8k7p1mfik0b33r2spq5hq7774k1-glibc-2.33-108/lib/crti.o /nix/store/2dv93bbc06c7zg866qid73j3r36zz3jx-gcc-10.3.0/lib/gcc/x86_64-unknown-linux-gnu/10.3.0/crtbegin.o -L/usr/lib -L/usr/lib32 -L/usr/lib -L/usr/lib32 -L/nix/store/4s21k8k7p1mfik0b33r2spq5hq7774k1-glibc-2.33-108/lib -L/nix/store/2dv93bbc06c7zg866qid73j3r36zz3jx-gcc-10.3.0/lib/gcc/x86_64-unknown-linux-gnu/10.3.0 -L/nix/store/ndnqiz3nnifj1blhg9q626xlmkqq1nmh-gcc-10.3.0-lib/x86_64-unknown-linux-gnu/lib -L/nix/store/gvxiscmqa9lh7a20ax44fdfsi8wgscsv-clang-8.0.1-lib/lib -L/nix/store/2dv93bbc06c7zg866qid73j3r36zz3jx-gcc-10.3.0/lib64/gcc/x86_64-unknown-linux-gnu/10.3.0 -L/nix/store/2dv93bbc06c7zg866qid73j3r36zz3jx-gcc-10.3.0/lib64/gcc/x86_64-unknown-linux-gnu/10.3.0/../../../../lib64 -L/lib/../lib64 -L/usr/lib/../lib64 -L/nix/store/2dv93bbc06c7zg866qid73j3r36zz3jx-gcc-10.3.0/lib64/gcc/x86_64-unknown-linux-gnu/10.3.0/../../.. -L/lib -L/usr/lib -dynamic-linker=/nix/store/4s21k8k7p1mfik0b33r2spq5hq7774k1-glibc-2.33-108/lib/ld-linux-x86-64.so.2 CMakeFiles/cmTC_5ba25.dir/CMakeCXXCompilerABI.cpp.o -lstdc++ -lm -lgcc_s -lgcc -lc -lgcc_s -lgcc /nix/store/2dv93bbc06c7zg866qid73j3r36zz3jx-gcc-10.3.0/lib/gcc/x86_64-unknown-linux-gnu/10.3.0/crtend.o /nix/store/4s21k8k7p1mfik0b33r2spq5hq7774k1-glibc-2.33-108/lib/crtn.o]
    arg [/nix/store/8pplgcc3xv781bn6czfhfr29smd6d8iz-clang-wrapper-8.0.1/bin/ld] ==> ignore
    arg [--eh-frame-hdr] ==> ignore
    arg [-m] ==> ignore
    arg [elf_x86_64] ==> ignore
    arg [-o] ==> ignore
    arg [cmTC_5ba25] ==> ignore
    arg [/nix/store/4s21k8k7p1mfik0b33r2spq5hq7774k1-glibc-2.33-108/lib/crt1.o] ==> obj [/nix/store/4s21k8k7p1mfik0b33r2spq5hq7774k1-glibc-2.33-108/lib/crt1.o]
    arg [/nix/store/4s21k8k7p1mfik0b33r2spq5hq7774k1-glibc-2.33-108/lib/crti.o] ==> obj [/nix/store/4s21k8k7p1mfik0b33r2spq5hq7774k1-glibc-2.33-108/lib/crti.o]
    arg [/nix/store/2dv93bbc06c7zg866qid73j3r36zz3jx-gcc-10.3.0/lib/gcc/x86_64-unknown-linux-gnu/10.3.0/crtbegin.o] ==> obj [/nix/store/2dv93bbc06c7zg866qid73j3r36zz3jx-gcc-10.3.0/lib/gcc/x86_64-unknown-linux-gnu/10.3.0/crtbegin.o]
    arg [-L/usr/lib] ==> dir [/usr/lib]
    arg [-L/usr/lib32] ==> dir [/usr/lib32]
    arg [-L/usr/lib] ==> dir [/usr/lib]
    arg [-L/usr/lib32] ==> dir [/usr/lib32]
    arg [-L/nix/store/4s21k8k7p1mfik0b33r2spq5hq7774k1-glibc-2.33-108/lib] ==> dir [/nix/store/4s21k8k7p1mfik0b33r2spq5hq7774k1-glibc-2.33-108/lib]
    arg [-L/nix/store/2dv93bbc06c7zg866qid73j3r36zz3jx-gcc-10.3.0/lib/gcc/x86_64-unknown-linux-gnu/10.3.0] ==> dir [/nix/store/2dv93bbc06c7zg866qid73j3r36zz3jx-gcc-10.3.0/lib/gcc/x86_64-unknown-linux-gnu/10.3.0]
    arg [-L/nix/store/ndnqiz3nnifj1blhg9q626xlmkqq1nmh-gcc-10.3.0-lib/x86_64-unknown-linux-gnu/lib] ==> dir [/nix/store/ndnqiz3nnifj1blhg9q626xlmkqq1nmh-gcc-10.3.0-lib/x86_64-unknown-linux-gnu/lib]
    arg [-L/nix/store/gvxiscmqa9lh7a20ax44fdfsi8wgscsv-clang-8.0.1-lib/lib] ==> dir [/nix/store/gvxiscmqa9lh7a20ax44fdfsi8wgscsv-clang-8.0.1-lib/lib]
    arg [-L/nix/store/2dv93bbc06c7zg866qid73j3r36zz3jx-gcc-10.3.0/lib64/gcc/x86_64-unknown-linux-gnu/10.3.0] ==> dir [/nix/store/2dv93bbc06c7zg866qid73j3r36zz3jx-gcc-10.3.0/lib64/gcc/x86_64-unknown-linux-gnu/10.3.0]
    arg [-L/nix/store/2dv93bbc06c7zg866qid73j3r36zz3jx-gcc-10.3.0/lib64/gcc/x86_64-unknown-linux-gnu/10.3.0/../../../../lib64] ==> dir [/nix/store/2dv93bbc06c7zg866qid73j3r36zz3jx-gcc-10.3.0/lib64/gcc/x86_64-unknown-linux-gnu/10.3.0/../../../../lib64]
    arg [-L/lib/../lib64] ==> dir [/lib/../lib64]
    arg [-L/usr/lib/../lib64] ==> dir [/usr/lib/../lib64]
    arg [-L/nix/store/2dv93bbc06c7zg866qid73j3r36zz3jx-gcc-10.3.0/lib64/gcc/x86_64-unknown-linux-gnu/10.3.0/../../..] ==> dir [/nix/store/2dv93bbc06c7zg866qid73j3r36zz3jx-gcc-10.3.0/lib64/gcc/x86_64-unknown-linux-gnu/10.3.0/../../..]
    arg [-L/lib] ==> dir [/lib]
    arg [-L/usr/lib] ==> dir [/usr/lib]
    arg [-dynamic-linker=/nix/store/4s21k8k7p1mfik0b33r2spq5hq7774k1-glibc-2.33-108/lib/ld-linux-x86-64.so.2] ==> ignore
    arg [CMakeFiles/cmTC_5ba25.dir/CMakeCXXCompilerABI.cpp.o] ==> ignore
    arg [-lstdc++] ==> lib [stdc++]
    arg [-lm] ==> lib [m]
    arg [-lgcc_s] ==> lib [gcc_s]
    arg [-lgcc] ==> lib [gcc]
    arg [-lc] ==> lib [c]
    arg [-lgcc_s] ==> lib [gcc_s]
    arg [-lgcc] ==> lib [gcc]
    arg [/nix/store/2dv93bbc06c7zg866qid73j3r36zz3jx-gcc-10.3.0/lib/gcc/x86_64-unknown-linux-gnu/10.3.0/crtend.o] ==> obj [/nix/store/2dv93bbc06c7zg866qid73j3r36zz3jx-gcc-10.3.0/lib/gcc/x86_64-unknown-linux-gnu/10.3.0/crtend.o]
    arg [/nix/store/4s21k8k7p1mfik0b33r2spq5hq7774k1-glibc-2.33-108/lib/crtn.o] ==> obj [/nix/store/4s21k8k7p1mfik0b33r2spq5hq7774k1-glibc-2.33-108/lib/crtn.o]
  collapse library dir [/usr/lib] ==> [/usr/lib]
  collapse library dir [/usr/lib32] ==> [/usr/lib32]
  collapse library dir [/usr/lib] ==> [/usr/lib]
  collapse library dir [/usr/lib32] ==> [/usr/lib32]
  collapse library dir [/nix/store/4s21k8k7p1mfik0b33r2spq5hq7774k1-glibc-2.33-108/lib] ==> [/nix/store/4s21k8k7p1mfik0b33r2spq5hq7774k1-glibc-2.33-108/lib]
  collapse library dir [/nix/store/2dv93bbc06c7zg866qid73j3r36zz3jx-gcc-10.3.0/lib/gcc/x86_64-unknown-linux-gnu/10.3.0] ==> [/nix/store/2dv93bbc06c7zg866qid73j3r36zz3jx-gcc-10.3.0/lib/gcc/x86_64-unknown-linux-gnu/10.3.0]
  collapse library dir [/nix/store/ndnqiz3nnifj1blhg9q626xlmkqq1nmh-gcc-10.3.0-lib/x86_64-unknown-linux-gnu/lib] ==> [/nix/store/ndnqiz3nnifj1blhg9q626xlmkqq1nmh-gcc-10.3.0-lib/x86_64-unknown-linux-gnu/lib]
  collapse library dir [/nix/store/gvxiscmqa9lh7a20ax44fdfsi8wgscsv-clang-8.0.1-lib/lib] ==> [/nix/store/gvxiscmqa9lh7a20ax44fdfsi8wgscsv-clang-8.0.1-lib/lib]
  collapse library dir [/nix/store/2dv93bbc06c7zg866qid73j3r36zz3jx-gcc-10.3.0/lib64/gcc/x86_64-unknown-linux-gnu/10.3.0] ==> [/nix/store/2dv93bbc06c7zg866qid73j3r36zz3jx-gcc-10.3.0/lib64/gcc/x86_64-unknown-linux-gnu/10.3.0]
  collapse library dir [/nix/store/2dv93bbc06c7zg866qid73j3r36zz3jx-gcc-10.3.0/lib64/gcc/x86_64-unknown-linux-gnu/10.3.0/../../../../lib64] ==> [/nix/store/2dv93bbc06c7zg866qid73j3r36zz3jx-gcc-10.3.0/lib64]
  collapse library dir [/lib/../lib64] ==> [/lib64]
  collapse library dir [/usr/lib/../lib64] ==> [/usr/lib64]
  collapse library dir [/nix/store/2dv93bbc06c7zg866qid73j3r36zz3jx-gcc-10.3.0/lib64/gcc/x86_64-unknown-linux-gnu/10.3.0/../../..] ==> [/nix/store/2dv93bbc06c7zg866qid73j3r36zz3jx-gcc-10.3.0/lib64]
  collapse library dir [/lib] ==> [/lib]
  collapse library dir [/usr/lib] ==> [/usr/lib]
  implicit libs: [stdc++;m;gcc_s;gcc;c;gcc_s;gcc]
  implicit objs: [/nix/store/4s21k8k7p1mfik0b33r2spq5hq7774k1-glibc-2.33-108/lib/crt1.o;/nix/store/4s21k8k7p1mfik0b33r2spq5hq7774k1-glibc-2.33-108/lib/crti.o;/nix/store/2dv93bbc06c7zg866qid73j3r36zz3jx-gcc-10.3.0/lib/gcc/x86_64-unknown-linux-gnu/10.3.0/crtbegin.o;/nix/store/2dv93bbc06c7zg866qid73j3r36zz3jx-gcc-10.3.0/lib/gcc/x86_64-unknown-linux-gnu/10.3.0/crtend.o;/nix/store/4s21k8k7p1mfik0b33r2spq5hq7774k1-glibc-2.33-108/lib/crtn.o]
  implicit dirs: [/usr/lib;/usr/lib32;/nix/store/4s21k8k7p1mfik0b33r2spq5hq7774k1-glibc-2.33-108/lib;/nix/store/2dv93bbc06c7zg866qid73j3r36zz3jx-gcc-10.3.0/lib/gcc/x86_64-unknown-linux-gnu/10.3.0;/nix/store/ndnqiz3nnifj1blhg9q626xlmkqq1nmh-gcc-10.3.0-lib/x86_64-unknown-linux-gnu/lib;/nix/store/gvxiscmqa9lh7a20ax44fdfsi8wgscsv-clang-8.0.1-lib/lib;/nix/store/2dv93bbc06c7zg866qid73j3r36zz3jx-gcc-10.3.0/lib64/gcc/x86_64-unknown-linux-gnu/10.3.0;/nix/store/2dv93bbc06c7zg866qid73j3r36zz3jx-gcc-10.3.0/lib64;/lib64;/usr/lib64;/lib]
  implicit fwks: []


Determining if the include file pthread.h exists passed with the following output:
Change Dir: /home/masacaai/Code/CS-251/P4-Labyrinth_Escape/build/CMakeFiles/CMakeTmp

Run Build Command(s):/usr/bin/make -f Makefile cmTC_0fe1a/fast && /usr/bin/make  -f CMakeFiles/cmTC_0fe1a.dir/build.make CMakeFiles/cmTC_0fe1a.dir/build
make[1]: Entering directory '/home/masacaai/Code/CS-251/P4-Labyrinth_Escape/build/CMakeFiles/CMakeTmp'
Building C object CMakeFiles/cmTC_0fe1a.dir/CheckIncludeFile.c.o
/usr/bin/cc    -MD -MT CMakeFiles/cmTC_0fe1a.dir/CheckIncludeFile.c.o -MF CMakeFiles/cmTC_0fe1a.dir/CheckIncludeFile.c.o.d -o CMakeFiles/cmTC_0fe1a.dir/CheckIncludeFile.c.o -c /home/masacaai/Code/CS-251/P4-Labyrinth_Escape/build/CMakeFiles/CMakeTmp/CheckIncludeFile.c
Linking C executable cmTC_0fe1a
/nix/store/sgsvy949kd2sr2vsxcffz5jkv855rmib-cmake-3.22.2/bin/cmake -E cmake_link_script CMakeFiles/cmTC_0fe1a.dir/link.txt --verbose=1
/usr/bin/cc CMakeFiles/cmTC_0fe1a.dir/CheckIncludeFile.c.o -o cmTC_0fe1a 
make[1]: Leaving directory '/home/masacaai/Code/CS-251/P4-Labyrinth_Escape/build/CMakeFiles/CMakeTmp'



Determining if the function pthread_create exists in the pthread passed with the following output:
Change Dir: /home/masacaai/Code/CS-251/P4-Labyrinth_Escape/build/CMakeFiles/CMakeTmp

Run Build Command(s):/usr/bin/make -f Makefile cmTC_2cb32/fast && /usr/bin/make  -f CMakeFiles/cmTC_2cb32.dir/build.make CMakeFiles/cmTC_2cb32.dir/build
make[1]: Entering directory '/home/masacaai/Code/CS-251/P4-Labyrinth_Escape/build/CMakeFiles/CMakeTmp'
Building C object CMakeFiles/cmTC_2cb32.dir/CheckFunctionExists.c.o
/usr/bin/cc   -DCHECK_FUNCTION_EXISTS=pthread_create -MD -MT CMakeFiles/cmTC_2cb32.dir/CheckFunctionExists.c.o -MF CMakeFiles/cmTC_2cb32.dir/CheckFunctionExists.c.o.d -o CMakeFiles/cmTC_2cb32.dir/CheckFunctionExists.c.o -c /nix/store/sgsvy949kd2sr2vsxcffz5jkv855rmib-cmake-3.22.2/share/cmake-3.22/Modules/CheckFunctionExists.c
Linking C executable cmTC_2cb32
/nix/store/sgsvy949kd2sr2vsxcffz5jkv855rmib-cmake-3.22.2/bin/cmake -E cmake_link_script CMakeFiles/cmTC_2cb32.dir/link.txt --verbose=1
/usr/bin/cc  -DCHECK_FUNCTION_EXISTS=pthread_create CMakeFiles/cmTC_2cb32.dir/CheckFunctionExists.c.o -o cmTC_2cb32  -lpthread 
make[1]: Leaving directory '/home/masacaai/Code/CS-251/P4-Labyrinth_Escape/build/CMakeFiles/CMakeTmp'



